[2025-09-06T10:00:32.806Z] ERROR 400 POST /shorturls - Unexpected token ' ', ..."hortcode": "test001""... is not valid JSON
SyntaxError: Unexpected token ' ', ..."hortcode": "test001""... is not valid JSON
    at JSON.parse (<anonymous>)
    at parse (D:\22AK1A0518\URLSHOTER\node_modules\body-parser\lib\types\json.js:77:19)
    at D:\22AK1A0518\URLSHOTER\node_modules\body-parser\lib\read.js:123:18
    at AsyncResource.runInAsyncScope (node:async_hooks:211:14)
    at invokeCallback (D:\22AK1A0518\URLSHOTER\node_modules\raw-body\index.js:238:16)
    at done (D:\22AK1A0518\URLSHOTER\node_modules\raw-body\index.js:227:7)
    at IncomingMessage.onEnd (D:\22AK1A0518\URLSHOTER\node_modules\raw-body\index.js:287:7)
    at IncomingMessage.emit (node:events:518:28)
    at endReadableNT (node:internal/streams/readable:1698:12)
    at process.processTicksAndRejections (node:internal/process/task_queues:90:21)
[2025-09-06T10:01:11.426Z] ERROR 400 POST /shorturls - Unexpected token ' ', ..."hortcode": "test001""... is not valid JSON
SyntaxError: Unexpected token ' ', ..."hortcode": "test001""... is not valid JSON
    at JSON.parse (<anonymous>)
    at parse (D:\22AK1A0518\URLSHOTER\node_modules\body-parser\lib\types\json.js:77:19)
    at D:\22AK1A0518\URLSHOTER\node_modules\body-parser\lib\read.js:123:18
    at AsyncResource.runInAsyncScope (node:async_hooks:211:14)
    at invokeCallback (D:\22AK1A0518\URLSHOTER\node_modules\raw-body\index.js:238:16)
    at done (D:\22AK1A0518\URLSHOTER\node_modules\raw-body\index.js:227:7)
    at IncomingMessage.onEnd (D:\22AK1A0518\URLSHOTER\node_modules\raw-body\index.js:287:7)
    at IncomingMessage.emit (node:events:518:28)
    at endReadableNT (node:internal/streams/readable:1698:12)
    at process.processTicksAndRejections (node:internal/process/task_queues:90:21)
[2025-09-06T10:01:29.591Z] ERROR 400 POST /shorturls - Unexpected token ' ', ..."hortcode": "test01""... is not valid JSON
SyntaxError: Unexpected token ' ', ..."hortcode": "test01""... is not valid JSON
    at JSON.parse (<anonymous>)
    at parse (D:\22AK1A0518\URLSHOTER\node_modules\body-parser\lib\types\json.js:77:19)
    at D:\22AK1A0518\URLSHOTER\node_modules\body-parser\lib\read.js:123:18
    at AsyncResource.runInAsyncScope (node:async_hooks:211:14)
    at invokeCallback (D:\22AK1A0518\URLSHOTER\node_modules\raw-body\index.js:238:16)
    at done (D:\22AK1A0518\URLSHOTER\node_modules\raw-body\index.js:227:7)
    at IncomingMessage.onEnd (D:\22AK1A0518\URLSHOTER\node_modules\raw-body\index.js:287:7)
    at IncomingMessage.emit (node:events:518:28)
    at endReadableNT (node:internal/streams/readable:1698:12)
    at process.processTicksAndRejections (node:internal/process/task_queues:90:21)
